97.09.09 14:40 B d:\temp\temp\wrecks\anchor\anchor1.gif <-- MWDC at Ziplink /www1/users/mwdc/wrecks/anchor anchor1.gif
97.09.09 14:40 B d:\temp\temp\wrecks\anchor\anchor1.html <-- MWDC at Ziplink /www1/users/mwdc/wrecks/anchor anchor1.html
97.09.09 14:40 B d:\temp\temp\wrecks\anchor\anchor1.txt <-- MWDC at Ziplink /www1/users/mwdc/wrecks/anchor anchor1.txt
97.09.09 14:40 B d:\temp\temp\wrecks\anchor\anchor11.html <-- MWDC at Ziplink /www1/users/mwdc/wrecks/anchor anchor11.html
97.09.09 14:40 B d:\temp\temp\wrecks\anchor\anchor11.txt <-- MWDC at Ziplink /www1/users/mwdc/wrecks/anchor anchor11.txt
97.09.09 14:40 B d:\temp\temp\wrecks\anchor\anchor2.gif <-- MWDC at Ziplink /www1/users/mwdc/wrecks/anchor anchor2.gif
97.09.09 14:40 B d:\temp\temp\wrecks\anchor\anchor2.html <-- MWDC at Ziplink /www1/users/mwdc/wrecks/anchor anchor2.html
97.09.09 14:40 B d:\temp\temp\wrecks\anchor\anchor2.txt <-- MWDC at Ziplink /www1/users/mwdc/wrecks/anchor anchor2.txt
97.09.09 14:40 B d:\temp\temp\wrecks\anchor\anchor22.html <-- MWDC at Ziplink /www1/users/mwdc/wrecks/anchor anchor22.html
97.09.09 14:40 B d:\temp\temp\wrecks\anchor\anchor22.txt <-- MWDC at Ziplink /www1/users/mwdc/wrecks/anchor anchor22.txt
97.09.09 14:40 B d:\temp\temp\wrecks\anchor\galperin.txt <-- MWDC at Ziplink /www1/users/mwdc/wrecks/anchor galperin.txt
97.09.09 14:40 B d:\temp\temp\wrecks\anchor\galperin1.txt <-- MWDC at Ziplink /www1/users/mwdc/wrecks/anchor galperin1.txt
97.09.09 14:40 B d:\temp\temp\wrecks\anchor\index.html <-- MWDC at Ziplink /www1/users/mwdc/wrecks/anchor index.html
97.09.09 14:47 B d:\temp\temp\wrecks\anchor\anchor1.gif --> ftp.kersur.net /users/mwdc/wrecks/anchor anchor1.gif
97.09.09 14:47 B d:\temp\temp\wrecks\anchor\anchor1.html --> ftp.kersur.net /users/mwdc/wrecks/anchor anchor1.html
97.09.09 14:47 B d:\temp\temp\wrecks\anchor\anchor1.txt --> ftp.kersur.net /users/mwdc/wrecks/anchor anchor1.txt
97.09.09 14:47 B d:\temp\temp\wrecks\anchor\anchor11.html --> ftp.kersur.net /users/mwdc/wrecks/anchor anchor11.html
97.09.09 14:47 B d:\temp\temp\wrecks\anchor\anchor11.txt --> ftp.kersur.net /users/mwdc/wrecks/anchor anchor11.txt
97.09.09 14:47 B d:\temp\temp\wrecks\anchor\anchor2.gif --> ftp.kersur.net /users/mwdc/wrecks/anchor anchor2.gif
97.09.09 14:47 B d:\temp\temp\wrecks\anchor\anchor2.html --> ftp.kersur.net /users/mwdc/wrecks/anchor anchor2.html
97.09.09 14:47 B d:\temp\temp\wrecks\anchor\anchor2.txt --> ftp.kersur.net /users/mwdc/wrecks/anchor anchor2.txt
97.09.09 14:47 B d:\temp\temp\wrecks\anchor\anchor22.html --> ftp.kersur.net /users/mwdc/wrecks/anchor anchor22.html
97.09.09 14:47 B d:\temp\temp\wrecks\anchor\anchor22.txt --> ftp.kersur.net /users/mwdc/wrecks/anchor anchor22.txt
97.09.09 14:47 B d:\temp\temp\wrecks\anchor\galperin.txt --> ftp.kersur.net /users/mwdc/wrecks/anchor galperin.txt
97.09.09 14:48 B d:\temp\temp\wrecks\anchor\galperin1.txt --> ftp.kersur.net /users/mwdc/wrecks/anchor galperin1.txt
97.09.09 14:48 B d:\temp\temp\wrecks\anchor\index.html --> ftp.kersur.net /users/mwdc/wrecks/anchor index.html
97.09.09 14:48 B d:\temp\temp\wrecks\anchor\WS_FTP.LOG --> ftp.kersur.net /users/mwdc/wrecks/anchor WS_FTP.LOG
97.09.09 15:36 B d:\temp\temp\wrecks\anchor\anchor1.gif --> ftp.kersur.net /users/mwdc/wrecks/anchor anchor1.gif
97.09.09 15:36 B d:\temp\temp\wrecks\anchor\anchor1.html --> ftp.kersur.net /users/mwdc/wrecks/anchor anchor1.html
97.09.09 15:36 B d:\temp\temp\wrecks\anchor\anchor1.txt --> ftp.kersur.net /users/mwdc/wrecks/anchor anchor1.txt
97.09.09 15:36 B d:\temp\temp\wrecks\anchor\anchor11.html --> ftp.kersur.net /users/mwdc/wrecks/anchor anchor11.html
97.09.09 15:36 B d:\temp\temp\wrecks\anchor\anchor11.txt --> ftp.kersur.net /users/mwdc/wrecks/anchor anchor11.txt
97.09.09 15:36 B d:\temp\temp\wrecks\anchor\anchor2.gif --> ftp.kersur.net /users/mwdc/wrecks/anchor anchor2.gif
97.09.09 15:36 B d:\temp\temp\wrecks\anchor\anchor2.html --> ftp.kersur.net /users/mwdc/wrecks/anchor anchor2.html
97.09.09 15:36 B d:\temp\temp\wrecks\anchor\anchor2.txt --> ftp.kersur.net /users/mwdc/wrecks/anchor anchor2.txt
97.09.09 15:36 B d:\temp\temp\wrecks\anchor\anchor22.html --> ftp.kersur.net /users/mwdc/wrecks/anchor anchor22.html
97.09.09 15:36 B d:\temp\temp\wrecks\anchor\anchor22.txt --> ftp.kersur.net /users/mwdc/wrecks/anchor anchor22.txt
97.09.09 15:36 B d:\temp\temp\wrecks\anchor\galperin.txt --> ftp.kersur.net /users/mwdc/wrecks/anchor galperin.txt
97.09.09 15:36 B d:\temp\temp\wrecks\anchor\galperin1.txt --> ftp.kersur.net /users/mwdc/wrecks/anchor galperin1.txt
97.09.09 15:36 B d:\temp\temp\wrecks\anchor\index.html --> ftp.kersur.net /users/mwdc/wrecks/anchor index.html
101.07.30 13:48 B c:\transfer\mwdc\wrecks\anchor\WS_FTP.LOG <-- MWDC /wrecks/anchor WS_FTP.LOG
